<?xml version="1.0" encoding="UTF-8"?>
<!-- Generated by org.testng.reporters.JUnitReportReporter -->
<testsuite hostname="Pranil" name="framework.testng.DataProvider.Inputdata" tests="3" failures="0" timestamp="6 Sep 2021 13:05:43 GMT" time="0.061" errors="0">
  <testcase name="Test_products" time="0.042" classname="framework.testng.DataProvider.Inputdata"/>
  <testcase name="Test_products" time="0.011" classname="framework.testng.DataProvider.Inputdata"/>
  <testcase name="Test_products" time="0.008" classname="framework.testng.DataProvider.Inputdata"/>
</testsuite> <!-- framework.testng.DataProvider.Inputdata -->
