<?xml version="1.0" encoding="UTF-8"?>
<!-- Generated by org.testng.reporters.JUnitReportReporter -->
<testsuite hostname="Pranil" name="framework.testng.DataProvider.DP_UserLogin_With_Multiple_Data" tests="7" failures="0" timestamp="6 Sep 2021 12:58:55 GMT" time="29.139" errors="0">
  <testcase name="Test_login" time="4.084" classname="framework.testng.DataProvider.DP_UserLogin_With_Multiple_Data"/>
  <testcase name="Test_login" time="3.853" classname="framework.testng.DataProvider.DP_UserLogin_With_Multiple_Data"/>
  <testcase name="Test_login" time="5.461" classname="framework.testng.DataProvider.DP_UserLogin_With_Multiple_Data"/>
  <testcase name="Test_login" time="3.886" classname="framework.testng.DataProvider.DP_UserLogin_With_Multiple_Data"/>
  <testcase name="Test_login" time="3.929" classname="framework.testng.DataProvider.DP_UserLogin_With_Multiple_Data"/>
  <testcase name="Test_login" time="3.887" classname="framework.testng.DataProvider.DP_UserLogin_With_Multiple_Data"/>
  <testcase name="Test_login" time="4.039" classname="framework.testng.DataProvider.DP_UserLogin_With_Multiple_Data"/>
</testsuite> <!-- framework.testng.DataProvider.DP_UserLogin_With_Multiple_Data -->
