<?xml version="1.0" encoding="UTF-8"?>
<!-- Generated by org.testng.reporters.JUnitReportReporter -->
<testsuite hostname="Pranil" name="framework.testng.BeforeTest_and_AfterTest.TestSuite2" tests="6" failures="0" timestamp="7 Sep 2021 13:39:07 GMT" time="0.014" errors="0">
  <testcase name="tc004" time="0.003" classname="framework.testng.BeforeTest_and_AfterTest.TestSuite2"/>
  <testcase name="tc006" time="0.004" classname="framework.testng.BeforeTest_and_AfterTest.TestSuite2"/>
  <testcase name="tc005" time="0.002" classname="framework.testng.BeforeTest_and_AfterTest.TestSuite2"/>
  <testcase name="tc004" time="0.002" classname="framework.testng.BeforeTest_and_AfterTest.TestSuite2"/>
  <testcase name="tc006" time="0.001" classname="framework.testng.BeforeTest_and_AfterTest.TestSuite2"/>
  <testcase name="tc005" time="0.002" classname="framework.testng.BeforeTest_and_AfterTest.TestSuite2"/>
</testsuite> <!-- framework.testng.BeforeTest_and_AfterTest.TestSuite2 -->
