<?xml version="1.0" encoding="UTF-8"?>
<!-- Generated by org.testng.reporters.JUnitReportReporter -->
<testsuite hostname="Pranil" name="framework.testng.My_TestngTest" tests="3" failures="0" timestamp="31 Aug 2021 12:43:12 GMT" time="0.016" errors="0">
  <testcase name="tc001" time="0.013" classname="framework.testng.My_TestngTest"/>
  <testcase name="tc002" time="0.002" classname="framework.testng.My_TestngTest"/>
  <testcase name="tc003" time="0.001" classname="framework.testng.My_TestngTest"/>
</testsuite> <!-- framework.testng.My_TestngTest -->
