<?xml version="1.0" encoding="UTF-8"?>
<!-- Generated by org.testng.reporters.JUnitReportReporter -->
<testsuite hostname="Pranil" name="framework.testng.Method_Ignore" tests="2" failures="0" timestamp="31 Aug 2021 12:54:52 GMT" time="0.014" errors="0">
  <testcase name="login" time="0.012" classname="framework.testng.Method_Ignore"/>
  <testcase name="logout" time="0.002" classname="framework.testng.Method_Ignore"/>
</testsuite> <!-- framework.testng.Method_Ignore -->
