<?xml version="1.0" encoding="UTF-8"?>
<!-- Generated by org.testng.reporters.JUnitReportReporter -->
<testsuite hostname="Pranil" name="framework.framework.testng.Before_And_After_method" tests="2" failures="0" timestamp="31 Aug 2021 13:10:41 GMT" time="0.023" errors="0">
  <testcase name="tc001" time="0.012" classname="framework.framework.testng.Before_And_After_method"/>
  <testcase name="tc002" time="0.011" classname="framework.framework.testng.Before_And_After_method"/>
</testsuite> <!-- framework.framework.testng.Before_And_After_method -->
