<?xml version="1.0" encoding="UTF-8"?>
<!-- Generated by org.testng.reporters.JUnitReportReporter -->
<testsuite hostname="Pranil" name="framework.testng.BeforeTest_and_AfterTest.Test_for_Chrome" tests="1" failures="0" timestamp="7 Sep 2021 13:39:07 GMT" time="0.002" errors="0">
  <testcase name="login" time="0.002" classname="framework.testng.BeforeTest_and_AfterTest.Test_for_Chrome"/>
</testsuite> <!-- framework.testng.BeforeTest_and_AfterTest.Test_for_Chrome -->
