<?xml version="1.0" encoding="UTF-8"?>
<!-- Generated by org.testng.reporters.JUnitReportReporter -->
<testsuite hostname="Pranil" name="framework.testng.BeforeTest_and_AfterTest.Test_For_Firefox" tests="1" failures="0" timestamp="7 Sep 2021 13:39:07 GMT" time="0.000" errors="0">
  <testcase name="Logout" time="0.000" classname="framework.testng.BeforeTest_and_AfterTest.Test_For_Firefox"/>
</testsuite> <!-- framework.testng.BeforeTest_and_AfterTest.Test_For_Firefox -->
