<?xml version="1.0" encoding="UTF-8"?>
<!-- Generated by org.testng.reporters.JUnitReportReporter -->
<testsuite hostname="Pranil" name="framework.testng.CrossBrowser.CrossBrowser_Test" tests="8" failures="0" timestamp="4 Sep 2021 13:37:03 GMT" time="42.143" errors="0">
  <testcase name="loadApp" time="7.503" classname="framework.testng.CrossBrowser.CrossBrowser_Test"/>
  <testcase name="User_login" time="0.356" classname="framework.testng.CrossBrowser.CrossBrowser_Test"/>
  <testcase name="loadApp" time="7.757" classname="framework.testng.CrossBrowser.CrossBrowser_Test"/>
  <testcase name="closeBrowser" time="11.399" classname="framework.testng.CrossBrowser.CrossBrowser_Test"/>
  <testcase name="launchBrowser" time="7.888" classname="framework.testng.CrossBrowser.CrossBrowser_Test"/>
  <testcase name="User_login" time="0.276" classname="framework.testng.CrossBrowser.CrossBrowser_Test"/>
  <testcase name="launchBrowser" time="2.558" classname="framework.testng.CrossBrowser.CrossBrowser_Test"/>
  <testcase name="closeBrowser" time="4.406" classname="framework.testng.CrossBrowser.CrossBrowser_Test"/>
</testsuite> <!-- framework.testng.CrossBrowser.CrossBrowser_Test -->
