<?xml version="1.0" encoding="UTF-8"?>
<!-- Generated by org.testng.reporters.JUnitReportReporter -->
<testsuite hostname="Pranil" name="framework.testng.listeners.MyTests" tests="2" failures="0" timestamp="7 Sep 2021 13:25:01 GMT" time="0.018" errors="0">
  <testcase name="tc001" time="0.015" classname="framework.testng.listeners.MyTests"/>
  <testcase name="tc002" time="0.003" classname="framework.testng.listeners.MyTests"/>
</testsuite> <!-- framework.testng.listeners.MyTests -->
