<?xml version="1.0" encoding="UTF-8"?>
<!-- Generated by org.testng.reporters.JUnitReportReporter -->
<testsuite hostname="Pranil" name="framework.testng.Before_And_AfterMethod" tests="2" failures="0" timestamp="31 Aug 2021 13:06:42 GMT" time="0.016" errors="0">
  <testcase name="tc002" time="0.004" classname="framework.testng.Before_And_AfterMethod"/>
  <testcase name="tc001" time="0.012" classname="framework.testng.Before_And_AfterMethod"/>
</testsuite> <!-- framework.testng.Before_And_AfterMethod -->
