<?xml version="1.0" encoding="UTF-8"?>
<!-- Generated by org.testng.reporters.JUnitReportReporter -->
<testsuite hostname="Pranil" name="framework.framework.testng.Method_Description" tests="3" failures="0" timestamp="31 Aug 2021 13:01:40 GMT" time="0.018" errors="0">
  <testcase name="tc001" time="0.015" classname="framework.framework.testng.Method_Description"/>
  <testcase name="tc002" time="0.001" classname="framework.framework.testng.Method_Description"/>
  <testcase name="tc003" time="0.002" classname="framework.framework.testng.Method_Description"/>
</testsuite> <!-- framework.framework.testng.Method_Description -->
