<?xml version="1.0" encoding="UTF-8"?>
<!-- Generated by org.testng.reporters.JUnitReportReporter -->
<testsuite hostname="Pranil" name="framework.testng.Method_prioritize" tests="3" failures="0" timestamp="31 Aug 2021 12:50:52 GMT" time="0.020" errors="0">
  <testcase name="f" time="0.014" classname="framework.testng.Method_prioritize"/>
  <testcase name="a" time="0.004" classname="framework.testng.Method_prioritize"/>
  <testcase name="x" time="0.002" classname="framework.testng.Method_prioritize"/>
</testsuite> <!-- framework.testng.Method_prioritize -->
