<?xml version="1.0" encoding="UTF-8"?>
<!-- Generated by org.testng.reporters.JUnitReportReporter -->
<testsuite hostname="Pranil" name="framework.testng.BeforeTest_and_AfterTest.TestSuite1" tests="6" failures="0" timestamp="7 Sep 2021 13:39:07 GMT" time="0.031" errors="0">
  <testcase name="tc002" time="0.002" classname="framework.testng.BeforeTest_and_AfterTest.TestSuite1"/>
  <testcase name="tc002" time="0.004" classname="framework.testng.BeforeTest_and_AfterTest.TestSuite1"/>
  <testcase name="tc003" time="0.015" classname="framework.testng.BeforeTest_and_AfterTest.TestSuite1"/>
  <testcase name="tc003" time="0.001" classname="framework.testng.BeforeTest_and_AfterTest.TestSuite1"/>
  <testcase name="tc001" time="0.002" classname="framework.testng.BeforeTest_and_AfterTest.TestSuite1"/>
  <testcase name="tc001" time="0.007" classname="framework.testng.BeforeTest_and_AfterTest.TestSuite1"/>
</testsuite> <!-- framework.testng.BeforeTest_and_AfterTest.TestSuite1 -->
