<?xml version="1.0" encoding="UTF-8"?>
<!-- Generated by org.testng.reporters.JUnitReportReporter -->
<testsuite hostname="Pranil" name="framework.testng.DataProvider.Retrive_DataProvider_Data_From_Different_Class" tests="3" failures="0" timestamp="6 Sep 2021 13:13:03 GMT" time="0.024" errors="0">
  <testcase name="Test_Products" time="0.010" classname="framework.testng.DataProvider.Retrive_DataProvider_Data_From_Different_Class"/>
  <testcase name="Test_Products" time="0.005" classname="framework.testng.DataProvider.Retrive_DataProvider_Data_From_Different_Class"/>
  <testcase name="Test_Products" time="0.009" classname="framework.testng.DataProvider.Retrive_DataProvider_Data_From_Different_Class"/>
</testsuite> <!-- framework.testng.DataProvider.Retrive_DataProvider_Data_From_Different_Class -->
