<?xml version="1.0" encoding="UTF-8"?>
<!-- Generated by org.testng.reporters.JUnitReportReporter -->
<testsuite hostname="Pranil" name="framework.testng.Suite_Parameter.Get_Parameters_From_Suite" tests="3" failures="0" timestamp="4 Sep 2021 13:13:06 GMT" time="23.870" errors="0">
  <testcase name="User_login" time="0.519" classname="framework.testng.Suite_Parameter.Get_Parameters_From_Suite"/>
  <testcase name="launch_browser" time="19.197" classname="framework.testng.Suite_Parameter.Get_Parameters_From_Suite"/>
  <testcase name="loadWebpage" time="4.154" classname="framework.testng.Suite_Parameter.Get_Parameters_From_Suite"/>
</testsuite> <!-- framework.testng.Suite_Parameter.Get_Parameters_From_Suite -->
